<?xml version="1.0" encoding="UTF-8"?>
<!-- Generated by org.testng.reporters.JUnitReportReporter -->
<testsuite skipped="0" hostname="DESKTOP-RR053FN" name="test.LoginTest" tests="1" failures="0" timestamp="2020-02-15T18:12:34 CST" time="7.255" errors="0">
  <testcase name="validUserShouldBeAbletoLogin" time="7.255" classname="test.LoginTest"/>
</testsuite> <!-- test.LoginTest -->
